C:\Users\Abuba\source\repos\Amygdalab\Amygdalab.Web\clientapp\dist\out-tsc\app\app-routing.module.js
C:\Users\Abuba\source\repos\Amygdalab\Amygdalab.Web\clientapp\dist\out-tsc\app\app-routing.module.js.map
C:\Users\Abuba\source\repos\Amygdalab\Amygdalab.Web\clientapp\dist\out-tsc\app\app.component.js
C:\Users\Abuba\source\repos\Amygdalab\Amygdalab.Web\clientapp\dist\out-tsc\app\app.component.js.map
C:\Users\Abuba\source\repos\Amygdalab\Amygdalab.Web\clientapp\dist\out-tsc\environments\environment.js
C:\Users\Abuba\source\repos\Amygdalab\Amygdalab.Web\clientapp\dist\out-tsc\environments\environment.js.map
C:\Users\Abuba\source\repos\Amygdalab\Amygdalab.Web\clientapp\dist\out-tsc\app\_service\product.service.js
C:\Users\Abuba\source\repos\Amygdalab\Amygdalab.Web\clientapp\dist\out-tsc\app\_service\product.service.js.map
C:\Users\Abuba\source\repos\Amygdalab\Amygdalab.Web\clientapp\dist\out-tsc\app\_model\model.js
C:\Users\Abuba\source\repos\Amygdalab\Amygdalab.Web\clientapp\dist\out-tsc\app\_model\model.js.map
C:\Users\Abuba\source\repos\Amygdalab\Amygdalab.Web\clientapp\dist\out-tsc\app\createproduct\createproduct.component.js
C:\Users\Abuba\source\repos\Amygdalab\Amygdalab.Web\clientapp\dist\out-tsc\app\createproduct\createproduct.component.js.map
C:\Users\Abuba\source\repos\Amygdalab\Amygdalab.Web\clientapp\dist\out-tsc\app\editproduct\editproduct.component.js
C:\Users\Abuba\source\repos\Amygdalab\Amygdalab.Web\clientapp\dist\out-tsc\app\editproduct\editproduct.component.js.map
C:\Users\Abuba\source\repos\Amygdalab\Amygdalab.Web\clientapp\dist\out-tsc\app\listproduct\listproduct.component.js
C:\Users\Abuba\source\repos\Amygdalab\Amygdalab.Web\clientapp\dist\out-tsc\app\listproduct\listproduct.component.js.map
C:\Users\Abuba\source\repos\Amygdalab\Amygdalab.Web\clientapp\dist\out-tsc\app\_service\auth.service.js
C:\Users\Abuba\source\repos\Amygdalab\Amygdalab.Web\clientapp\dist\out-tsc\app\_service\auth.service.js.map
C:\Users\Abuba\source\repos\Amygdalab\Amygdalab.Web\clientapp\dist\out-tsc\app\login\login.component.js
C:\Users\Abuba\source\repos\Amygdalab\Amygdalab.Web\clientapp\dist\out-tsc\app\login\login.component.js.map
C:\Users\Abuba\source\repos\Amygdalab\Amygdalab.Web\clientapp\dist\out-tsc\app\register\register.component.js
C:\Users\Abuba\source\repos\Amygdalab\Amygdalab.Web\clientapp\dist\out-tsc\app\register\register.component.js.map
C:\Users\Abuba\source\repos\Amygdalab\Amygdalab.Web\clientapp\dist\out-tsc\app\registeradmin\registeradmin.component.js
C:\Users\Abuba\source\repos\Amygdalab\Amygdalab.Web\clientapp\dist\out-tsc\app\registeradmin\registeradmin.component.js.map
C:\Users\Abuba\source\repos\Amygdalab\Amygdalab.Web\clientapp\dist\out-tsc\app\navbar\navbar.component.js
C:\Users\Abuba\source\repos\Amygdalab\Amygdalab.Web\clientapp\dist\out-tsc\app\navbar\navbar.component.js.map
C:\Users\Abuba\source\repos\Amygdalab\Amygdalab.Web\clientapp\dist\out-tsc\app\dashboard\dashboard.component.js
C:\Users\Abuba\source\repos\Amygdalab\Amygdalab.Web\clientapp\dist\out-tsc\app\dashboard\dashboard.component.js.map
C:\Users\Abuba\source\repos\Amygdalab\Amygdalab.Web\clientapp\dist\out-tsc\app\_service\authguard.guard.js
C:\Users\Abuba\source\repos\Amygdalab\Amygdalab.Web\clientapp\dist\out-tsc\app\_service\authguard.guard.js.map
C:\Users\Abuba\source\repos\Amygdalab\Amygdalab.Web\clientapp\dist\out-tsc\app\nav\nav.component.js
C:\Users\Abuba\source\repos\Amygdalab\Amygdalab.Web\clientapp\dist\out-tsc\app\nav\nav.component.js.map
C:\Users\Abuba\source\repos\Amygdalab\Amygdalab.Web\clientapp\dist\out-tsc\app\producthistory\producthistory.component.js
C:\Users\Abuba\source\repos\Amygdalab\Amygdalab.Web\clientapp\dist\out-tsc\app\producthistory\producthistory.component.js.map
C:\Users\Abuba\source\repos\Amygdalab\Amygdalab.Web\clientapp\dist\out-tsc\app\app.module.js
C:\Users\Abuba\source\repos\Amygdalab\Amygdalab.Web\clientapp\dist\out-tsc\app\app.module.js.map
C:\Users\Abuba\source\repos\Amygdalab\Amygdalab.Web\clientapp\dist\out-tsc\main.js
C:\Users\Abuba\source\repos\Amygdalab\Amygdalab.Web\clientapp\dist\out-tsc\main.js.map
C:\Users\Abuba\source\repos\Amygdalab\Amygdalab.Web\clientapp\dist\out-tsc\polyfills.js
C:\Users\Abuba\source\repos\Amygdalab\Amygdalab.Web\clientapp\dist\out-tsc\polyfills.js.map
C:\Users\Abuba\source\repos\Amygdalab\Amygdalab.Web\clientapp\dist\out-tsc\test.js
C:\Users\Abuba\source\repos\Amygdalab\Amygdalab.Web\clientapp\dist\out-tsc\test.js.map
C:\Users\Abuba\source\repos\Amygdalab\Amygdalab.Web\clientapp\dist\out-tsc\app\app.component.spec.js
C:\Users\Abuba\source\repos\Amygdalab\Amygdalab.Web\clientapp\dist\out-tsc\app\app.component.spec.js.map
C:\Users\Abuba\source\repos\Amygdalab\Amygdalab.Web\clientapp\dist\out-tsc\app\_service\auth.service.spec.js
C:\Users\Abuba\source\repos\Amygdalab\Amygdalab.Web\clientapp\dist\out-tsc\app\_service\auth.service.spec.js.map
C:\Users\Abuba\source\repos\Amygdalab\Amygdalab.Web\clientapp\dist\out-tsc\app\_service\authguard.guard.spec.js
C:\Users\Abuba\source\repos\Amygdalab\Amygdalab.Web\clientapp\dist\out-tsc\app\_service\authguard.guard.spec.js.map
C:\Users\Abuba\source\repos\Amygdalab\Amygdalab.Web\clientapp\dist\out-tsc\app\_service\http.service.js
C:\Users\Abuba\source\repos\Amygdalab\Amygdalab.Web\clientapp\dist\out-tsc\app\_service\http.service.js.map
C:\Users\Abuba\source\repos\Amygdalab\Amygdalab.Web\clientapp\dist\out-tsc\app\_service\http.service.spec.js
C:\Users\Abuba\source\repos\Amygdalab\Amygdalab.Web\clientapp\dist\out-tsc\app\_service\http.service.spec.js.map
C:\Users\Abuba\source\repos\Amygdalab\Amygdalab.Web\clientapp\dist\out-tsc\app\_service\product.service.spec.js
C:\Users\Abuba\source\repos\Amygdalab\Amygdalab.Web\clientapp\dist\out-tsc\app\_service\product.service.spec.js.map
C:\Users\Abuba\source\repos\Amygdalab\Amygdalab.Web\clientapp\dist\out-tsc\app\createproduct\createproduct.component.spec.js
C:\Users\Abuba\source\repos\Amygdalab\Amygdalab.Web\clientapp\dist\out-tsc\app\createproduct\createproduct.component.spec.js.map
C:\Users\Abuba\source\repos\Amygdalab\Amygdalab.Web\clientapp\dist\out-tsc\app\dashboard\dashboard.component.spec.js
C:\Users\Abuba\source\repos\Amygdalab\Amygdalab.Web\clientapp\dist\out-tsc\app\dashboard\dashboard.component.spec.js.map
C:\Users\Abuba\source\repos\Amygdalab\Amygdalab.Web\clientapp\dist\out-tsc\app\editproduct\editproduct.component.spec.js
C:\Users\Abuba\source\repos\Amygdalab\Amygdalab.Web\clientapp\dist\out-tsc\app\editproduct\editproduct.component.spec.js.map
C:\Users\Abuba\source\repos\Amygdalab\Amygdalab.Web\clientapp\dist\out-tsc\app\listproduct\listproduct.component.spec.js
C:\Users\Abuba\source\repos\Amygdalab\Amygdalab.Web\clientapp\dist\out-tsc\app\listproduct\listproduct.component.spec.js.map
C:\Users\Abuba\source\repos\Amygdalab\Amygdalab.Web\clientapp\dist\out-tsc\app\login\login.component.spec.js
C:\Users\Abuba\source\repos\Amygdalab\Amygdalab.Web\clientapp\dist\out-tsc\app\login\login.component.spec.js.map
C:\Users\Abuba\source\repos\Amygdalab\Amygdalab.Web\clientapp\dist\out-tsc\app\nav\nav.component.spec.js
C:\Users\Abuba\source\repos\Amygdalab\Amygdalab.Web\clientapp\dist\out-tsc\app\nav\nav.component.spec.js.map
C:\Users\Abuba\source\repos\Amygdalab\Amygdalab.Web\clientapp\dist\out-tsc\app\navbar\navbar.component.spec.js
C:\Users\Abuba\source\repos\Amygdalab\Amygdalab.Web\clientapp\dist\out-tsc\app\navbar\navbar.component.spec.js.map
C:\Users\Abuba\source\repos\Amygdalab\Amygdalab.Web\clientapp\dist\out-tsc\app\producthistory\producthistory.component.spec.js
C:\Users\Abuba\source\repos\Amygdalab\Amygdalab.Web\clientapp\dist\out-tsc\app\producthistory\producthistory.component.spec.js.map
C:\Users\Abuba\source\repos\Amygdalab\Amygdalab.Web\clientapp\dist\out-tsc\app\register\register.component.spec.js
C:\Users\Abuba\source\repos\Amygdalab\Amygdalab.Web\clientapp\dist\out-tsc\app\register\register.component.spec.js.map
C:\Users\Abuba\source\repos\Amygdalab\Amygdalab.Web\clientapp\dist\out-tsc\app\registeradmin\registeradmin.component.spec.js
C:\Users\Abuba\source\repos\Amygdalab\Amygdalab.Web\clientapp\dist\out-tsc\app\registeradmin\registeradmin.component.spec.js.map
C:\Users\Abuba\source\repos\Amygdalab\Amygdalab.Web\clientapp\dist\out-tsc\environments\environment.prod.js
C:\Users\Abuba\source\repos\Amygdalab\Amygdalab.Web\clientapp\dist\out-tsc\environments\environment.prod.js.map
